<?xml version="1.0" encoding="UTF-8"?>
<!-- Generated by org.testng.reporters.JUnitReportReporter -->
<testsuite hostname="LAPTOP-RF9RK0GL" failures="0" tests="3" name="playwrightTestNG.LambdatestTestNG" time="99.008" errors="0" timestamp="26 Jan 2025 04:58:21 GMT" skipped="0">
  <testcase classname="playwrightTestNG.LambdatestTestNG" name="test01" time="40.551"/>
  <testcase classname="playwrightTestNG.LambdatestTestNG" name="test02" time="27.258"/>
  <testcase classname="playwrightTestNG.LambdatestTestNG" name="test03" time="31.199"/>
</testsuite> <!-- playwrightTestNG.LambdatestTestNG -->
