<?xml version="1.0" encoding="UTF-8"?>
<!-- Generated by org.testng.reporters.JUnitReportReporter -->
<testsuite hostname="LAPTOP-RF9RK0GL" failures="0" tests="3" name="playwrightTestNG.lambdatesttest1" time="1.110" errors="0" timestamp="25 Jan 2025 13:00:32 GMT" skipped="0">
  <testcase classname="playwrightTestNG.lambdatesttest1" name="test01" time="1.105"/>
  <testcase classname="playwrightTestNG.lambdatesttest1" name="test02" time="0.003"/>
  <testcase classname="playwrightTestNG.lambdatesttest1" name="test03" time="0.002"/>
</testsuite> <!-- playwrightTestNG.lambdatesttest1 -->
